10:58:02 INFO  : Registering command handlers for SDK TCF services
10:58:02 INFO  : Launching XSCT server: xsct.bat -interactive E:\test\project_2\project_2.sdk\temp_xsdb_launch_script.tcl
10:58:04 INFO  : XSCT server has started successfully.
10:58:04 INFO  : Successfully done setting XSCT server connection channel  
10:58:04 INFO  : Processing command line option -hwspec E:/test/project_2/project_2.sdk/design_1_wrapper.hdf.
10:58:04 INFO  : Successfully done setting SDK workspace  
11:06:38 INFO  : Connected to target on host '127.0.0.1' and port '3121'.
11:06:39 INFO  : Jtag cable 'Digilent JTAG-SMT2NC 210308A7A2BE' is selected.
11:06:39 INFO  : 'jtag frequency' command is executed.
11:06:39 INFO  : Sourcing of 'D:/Xilinx2018p3/SDK/2018.3/scripts/sdk/util/zynqmp_utils.tcl' is done.
11:06:39 INFO  : Context for 'APU' is selected.
11:06:40 INFO  : System reset is completed.
11:06:43 INFO  : 'after 3000' command is executed.
11:06:43 INFO  : 'targets -set -filter {jtag_cable_name =~ "Digilent JTAG-SMT2NC 210308A7A2BE" && level==0} -index 0' command is executed.
11:06:58 INFO  : FPGA configured successfully with bitstream "E:/test/project_2/project_2.sdk/design_1_wrapper_hw_platform_0/design_1_wrapper.bit"
11:06:58 INFO  : Context for 'APU' is selected.
11:06:58 INFO  : Hardware design information is loaded from 'E:/test/project_2/project_2.sdk/design_1_wrapper_hw_platform_0/system.hdf'.
11:06:58 INFO  : 'configparams force-mem-access 1' command is executed.
11:06:58 INFO  : Context for 'APU' is selected.
11:06:58 INFO  : Sourcing of 'E:/test/project_2/project_2.sdk/design_1_wrapper_hw_platform_0/psu_init.tcl' is done.
11:06:59 INFO  : 'psu_init' command is executed.
11:07:00 INFO  : 'after 1000' command is executed.
11:07:00 INFO  : 'psu_ps_pl_isolation_removal' command is executed.
11:07:01 INFO  : 'after 1000' command is executed.
11:07:01 INFO  : 'psu_ps_pl_reset_config' command is executed.
11:07:01 INFO  : 'catch {psu_protection}' command is executed.
11:07:02 INFO  : Context for processor 'psu_cortexa53_0' is selected.
11:07:02 INFO  : Processor reset is completed for 'psu_cortexa53_0'.
11:07:02 INFO  : The application 'E:/test/project_2/project_2.sdk/axi_gpio/Debug/axi_gpio.elf' is downloaded to processor 'psu_cortexa53_0'.
11:07:02 INFO  : 'configparams force-mem-access 0' command is executed.
11:07:02 INFO  : ----------------XSDB Script----------------
connect -url tcp:127.0.0.1:3121
source D:/Xilinx2018p3/SDK/2018.3/scripts/sdk/util/zynqmp_utils.tcl
targets -set -nocase -filter {name =~"APU*" && jtag_cable_name =~ "Digilent JTAG-SMT2NC 210308A7A2BE"} -index 1
rst -system
after 3000
targets -set -filter {jtag_cable_name =~ "Digilent JTAG-SMT2NC 210308A7A2BE" && level==0} -index 0
fpga -file E:/test/project_2/project_2.sdk/design_1_wrapper_hw_platform_0/design_1_wrapper.bit
targets -set -nocase -filter {name =~"APU*" && jtag_cable_name =~ "Digilent JTAG-SMT2NC 210308A7A2BE"} -index 1
loadhw -hw E:/test/project_2/project_2.sdk/design_1_wrapper_hw_platform_0/system.hdf -mem-ranges [list {0x80000000 0xbfffffff} {0x400000000 0x5ffffffff} {0x1000000000 0x7fffffffff}]
configparams force-mem-access 1
targets -set -nocase -filter {name =~"APU*" && jtag_cable_name =~ "Digilent JTAG-SMT2NC 210308A7A2BE"} -index 1
source E:/test/project_2/project_2.sdk/design_1_wrapper_hw_platform_0/psu_init.tcl
psu_init
after 1000
psu_ps_pl_isolation_removal
after 1000
psu_ps_pl_reset_config
catch {psu_protection}
targets -set -nocase -filter {name =~"*A53*0" && jtag_cable_name =~ "Digilent JTAG-SMT2NC 210308A7A2BE"} -index 1
rst -processor
dow E:/test/project_2/project_2.sdk/axi_gpio/Debug/axi_gpio.elf
configparams force-mem-access 0
----------------End of Script----------------

11:07:02 INFO  : Context for processor 'psu_cortexa53_0' is selected.
11:07:02 INFO  : 'con' command is executed.
11:07:02 INFO  : ----------------XSDB Script (After Launch)----------------
targets -set -nocase -filter {name =~"*A53*0" && jtag_cable_name =~ "Digilent JTAG-SMT2NC 210308A7A2BE"} -index 1
con
----------------End of Script----------------

11:07:02 INFO  : Launch script is exported to file 'E:\test\project_2\project_2.sdk\.sdk\launch_scripts\xilinx_c-c++_application_(system_debugger)\system_debugger_using_debug_axi_gpio.elf_on_local.tcl'
11:13:11 INFO  : Disconnected from the channel tcfchan#1.
11:13:12 INFO  : Connected to target on host '127.0.0.1' and port '3121'.
11:13:18 INFO  : Jtag cable 'Digilent JTAG-SMT2NC 210308A7A2BE' is selected.
11:13:18 INFO  : 'jtag frequency' command is executed.
11:13:18 INFO  : Sourcing of 'D:/Xilinx2018p3/SDK/2018.3/scripts/sdk/util/zynqmp_utils.tcl' is done.
11:13:18 INFO  : Context for 'APU' is selected.
11:13:19 INFO  : System reset is completed.
11:13:22 INFO  : 'after 3000' command is executed.
11:13:22 INFO  : 'targets -set -filter {jtag_cable_name =~ "Digilent JTAG-SMT2NC 210308A7A2BE" && level==0} -index 0' command is executed.
11:13:37 INFO  : FPGA configured successfully with bitstream "E:/test/project_2/project_2.sdk/design_1_wrapper_hw_platform_0/design_1_wrapper.bit"
11:13:37 INFO  : Context for 'APU' is selected.
11:13:37 INFO  : Hardware design information is loaded from 'E:/test/project_2/project_2.sdk/design_1_wrapper_hw_platform_0/system.hdf'.
11:13:38 INFO  : 'configparams force-mem-access 1' command is executed.
11:13:38 INFO  : Context for 'APU' is selected.
11:13:38 INFO  : Sourcing of 'E:/test/project_2/project_2.sdk/design_1_wrapper_hw_platform_0/psu_init.tcl' is done.
11:13:39 INFO  : 'psu_init' command is executed.
11:13:40 INFO  : 'after 1000' command is executed.
11:13:40 INFO  : 'psu_ps_pl_isolation_removal' command is executed.
11:13:41 INFO  : 'after 1000' command is executed.
11:13:41 INFO  : 'psu_ps_pl_reset_config' command is executed.
11:13:41 INFO  : 'catch {psu_protection}' command is executed.
11:13:41 INFO  : Context for processor 'psu_cortexa53_0' is selected.
11:13:41 INFO  : Processor reset is completed for 'psu_cortexa53_0'.
11:13:41 INFO  : The application 'E:/test/project_2/project_2.sdk/axi_gpio/Debug/axi_gpio.elf' is downloaded to processor 'psu_cortexa53_0'.
11:13:41 INFO  : 'configparams force-mem-access 0' command is executed.
11:13:41 INFO  : ----------------XSDB Script----------------
connect -url tcp:127.0.0.1:3121
source D:/Xilinx2018p3/SDK/2018.3/scripts/sdk/util/zynqmp_utils.tcl
targets -set -nocase -filter {name =~"APU*" && jtag_cable_name =~ "Digilent JTAG-SMT2NC 210308A7A2BE"} -index 1
rst -system
after 3000
targets -set -filter {jtag_cable_name =~ "Digilent JTAG-SMT2NC 210308A7A2BE" && level==0} -index 0
fpga -file E:/test/project_2/project_2.sdk/design_1_wrapper_hw_platform_0/design_1_wrapper.bit
targets -set -nocase -filter {name =~"APU*" && jtag_cable_name =~ "Digilent JTAG-SMT2NC 210308A7A2BE"} -index 1
loadhw -hw E:/test/project_2/project_2.sdk/design_1_wrapper_hw_platform_0/system.hdf -mem-ranges [list {0x80000000 0xbfffffff} {0x400000000 0x5ffffffff} {0x1000000000 0x7fffffffff}]
configparams force-mem-access 1
targets -set -nocase -filter {name =~"APU*" && jtag_cable_name =~ "Digilent JTAG-SMT2NC 210308A7A2BE"} -index 1
source E:/test/project_2/project_2.sdk/design_1_wrapper_hw_platform_0/psu_init.tcl
psu_init
after 1000
psu_ps_pl_isolation_removal
after 1000
psu_ps_pl_reset_config
catch {psu_protection}
targets -set -nocase -filter {name =~"*A53*0" && jtag_cable_name =~ "Digilent JTAG-SMT2NC 210308A7A2BE"} -index 1
rst -processor
dow E:/test/project_2/project_2.sdk/axi_gpio/Debug/axi_gpio.elf
configparams force-mem-access 0
----------------End of Script----------------

11:13:41 INFO  : Context for processor 'psu_cortexa53_0' is selected.
11:13:41 INFO  : 'con' command is executed.
11:13:41 INFO  : ----------------XSDB Script (After Launch)----------------
targets -set -nocase -filter {name =~"*A53*0" && jtag_cable_name =~ "Digilent JTAG-SMT2NC 210308A7A2BE"} -index 1
con
----------------End of Script----------------

11:13:41 INFO  : Launch script is exported to file 'E:\test\project_2\project_2.sdk\.sdk\launch_scripts\xilinx_c-c++_application_(system_debugger)\system_debugger_using_debug_axi_gpio.elf_on_local.tcl'
11:45:50 INFO  : Disconnected from the channel tcfchan#2.
